2024-03-22 08:58:29.317 [main] DEBUG ca.bytetube.communityApp.dao.AreaDao.queryArea - ==>  Preparing: SELECT area_id, area_name, priority, create_time, last_edit_time FROM tb_area ORDER BY priority DESC 
2024-03-22 08:58:29.335 [main] DEBUG ca.bytetube.communityApp.dao.AreaDao.queryArea - ==> Parameters: 
2024-03-22 08:58:29.459 [main] DEBUG ca.bytetube.communityApp.dao.AreaDao.queryArea - <==      Total: 8
2024-03-22 08:58:43.098 [main] DEBUG ca.bytetube.communityApp.dao.AreaDao.queryArea - ==>  Preparing: SELECT area_id, area_name, priority, create_time, last_edit_time FROM tb_area ORDER BY priority DESC 
2024-03-22 08:58:43.116 [main] DEBUG ca.bytetube.communityApp.dao.AreaDao.queryArea - ==> Parameters: 
2024-03-22 08:58:43.132 [main] DEBUG ca.bytetube.communityApp.dao.AreaDao.queryArea - <==      Total: 8
2024-03-22 17:38:11.245 [main] DEBUG ca.bytetube.communityApp.dao.ShopDao.queryShopList - ==>  Preparing: SELECT s.shop_id, s.shop_name, s.shop_desc, s.shop_addr, s.phone, s.shop_img, s.priority, s.create_time, s.last_edit_time, s.enable_status, s.advice, a.area_id, a.area_name, sc.shop_category_id, sc.shop_category_name FROM tb_shop s, tb_area a, tb_shop_category sc WHERE s.owner_id = ? AND s.area_id=a.area_id AND s.shop_category_id = sc.shop_category_id ORDER BY s.priority DESC LIMIT ?,?; 
2024-03-22 17:38:11.260 [main] DEBUG ca.bytetube.communityApp.dao.ShopDao.queryShopList - ==> Parameters: 3(Long), 0(Integer), 6(Integer)
2024-03-22 17:38:11.715 [main] DEBUG ca.bytetube.communityApp.dao.ShopDao.queryShopList - <==      Total: 0
2024-03-22 17:38:11.718 [main] DEBUG c.bytetube.communityApp.dao.ShopDao.queryShopCount - ==>  Preparing: SELECT count(1) FROM tb_shop s, tb_area a, tb_shop_category sc WHERE s.owner_id = ? AND s.area_id=a.area_id AND s.shop_category_id = sc.shop_category_id 
2024-03-22 17:38:11.718 [main] DEBUG c.bytetube.communityApp.dao.ShopDao.queryShopCount - ==> Parameters: 3(Long)
2024-03-22 17:38:11.797 [main] DEBUG c.bytetube.communityApp.dao.ShopDao.queryShopCount - <==      Total: 1
2024-03-22 17:39:14.667 [main] DEBUG ca.bytetube.communityApp.dao.ShopDao.queryByShopId - ==>  Preparing: SELECT s.shop_id, s.shop_name, s.shop_desc, s.shop_addr, s.phone, s.shop_img, s.priority, s.create_time, s.last_edit_time, s.enable_status, s.advice, a.area_id, a.area_name, sc.shop_category_id, sc.shop_category_name FROM tb_shop s, tb_area a, tb_shop_category sc WHERE s.area_id=a.area_id AND s.shop_category_id = sc.shop_category_id AND s.shop_id = ? 
2024-03-22 17:39:14.684 [main] DEBUG ca.bytetube.communityApp.dao.ShopDao.queryByShopId - ==> Parameters: 1(Long)
2024-03-22 17:39:14.799 [main] DEBUG ca.bytetube.communityApp.dao.ShopDao.queryByShopId - <==      Total: 1
2024-03-22 17:41:01.710 [main] DEBUG c.b.communityApp.dao.HeadLineDao.queryHeadLine - ==>  Preparing: SELECT line_id, line_name, line_link, line_img, priority, enable_status, create_time, last_edit_time FROM tb_head_line ORDER BY priority DESC 
2024-03-22 17:41:01.729 [main] DEBUG c.b.communityApp.dao.HeadLineDao.queryHeadLine - ==> Parameters: 
2024-03-22 17:41:01.857 [main] DEBUG c.b.communityApp.dao.HeadLineDao.queryHeadLine - <==      Total: 4
2024-03-22 17:41:37.467 [main] DEBUG c.b.communityApp.dao.HeadLineDao.queryHeadLine - ==>  Preparing: SELECT line_id, line_name, line_link, line_img, priority, enable_status, create_time, last_edit_time FROM tb_head_line ORDER BY priority DESC 
2024-03-22 17:41:37.488 [main] DEBUG c.b.communityApp.dao.HeadLineDao.queryHeadLine - ==> Parameters: 
2024-03-22 17:41:37.584 [main] DEBUG c.b.communityApp.dao.HeadLineDao.queryHeadLine - <==      Total: 4
2024-03-22 17:41:53.407 [main] DEBUG c.b.communityApp.dao.HeadLineDao.queryHeadLine - ==>  Preparing: SELECT line_id, line_name, line_link, line_img, priority, enable_status, create_time, last_edit_time FROM tb_head_line ORDER BY priority DESC 
2024-03-22 17:41:53.422 [main] DEBUG c.b.communityApp.dao.HeadLineDao.queryHeadLine - ==> Parameters: 
2024-03-22 17:41:53.561 [main] DEBUG c.b.communityApp.dao.HeadLineDao.queryHeadLine - <==      Total: 4
2024-03-22 17:42:18.927 [main] DEBUG ca.bytetube.communityApp.dao.ShopDao.queryShopList - ==>  Preparing: SELECT s.shop_id, s.shop_name, s.shop_desc, s.shop_addr, s.phone, s.shop_img, s.priority, s.create_time, s.last_edit_time, s.enable_status, s.advice, a.area_id, a.area_name, sc.shop_category_id, sc.shop_category_name FROM tb_shop s, tb_area a, tb_shop_category sc WHERE s.owner_id = ? AND s.area_id=a.area_id AND s.shop_category_id = sc.shop_category_id ORDER BY s.priority DESC LIMIT ?,?; 
2024-03-22 17:42:18.944 [main] DEBUG ca.bytetube.communityApp.dao.ShopDao.queryShopList - ==> Parameters: 3(Long), 0(Integer), 6(Integer)
2024-03-22 17:42:19.053 [main] DEBUG ca.bytetube.communityApp.dao.ShopDao.queryShopList - <==      Total: 0
2024-03-22 17:42:19.055 [main] DEBUG c.bytetube.communityApp.dao.ShopDao.queryShopCount - ==>  Preparing: SELECT count(1) FROM tb_shop s, tb_area a, tb_shop_category sc WHERE s.owner_id = ? AND s.area_id=a.area_id AND s.shop_category_id = sc.shop_category_id 
2024-03-22 17:42:19.055 [main] DEBUG c.bytetube.communityApp.dao.ShopDao.queryShopCount - ==> Parameters: 3(Long)
2024-03-22 17:42:19.133 [main] DEBUG c.bytetube.communityApp.dao.ShopDao.queryShopCount - <==      Total: 1
2024-03-22 17:44:17.564 [main] DEBUG ca.bytetube.communityApp.dao.ShopDao.queryShopList - ==>  Preparing: SELECT s.shop_id, s.shop_name, s.shop_desc, s.shop_addr, s.phone, s.shop_img, s.priority, s.create_time, s.last_edit_time, s.enable_status, s.advice, a.area_id, a.area_name, sc.shop_category_id, sc.shop_category_name FROM tb_shop s, tb_area a, tb_shop_category sc WHERE s.owner_id = ? AND s.area_id=a.area_id AND s.shop_category_id = sc.shop_category_id ORDER BY s.priority DESC LIMIT ?,?; 
2024-03-22 17:44:17.587 [main] DEBUG ca.bytetube.communityApp.dao.ShopDao.queryShopList - ==> Parameters: 3(Long), 0(Integer), 6(Integer)
2024-03-22 17:44:17.689 [main] DEBUG ca.bytetube.communityApp.dao.ShopDao.queryShopList - <==      Total: 0
2024-03-22 17:44:17.691 [main] DEBUG c.bytetube.communityApp.dao.ShopDao.queryShopCount - ==>  Preparing: SELECT count(1) FROM tb_shop s, tb_area a, tb_shop_category sc WHERE s.owner_id = ? AND s.area_id=a.area_id AND s.shop_category_id = sc.shop_category_id 
2024-03-22 17:44:17.691 [main] DEBUG c.bytetube.communityApp.dao.ShopDao.queryShopCount - ==> Parameters: 3(Long)
2024-03-22 17:44:17.768 [main] DEBUG c.bytetube.communityApp.dao.ShopDao.queryShopCount - <==      Total: 1
